{"D:\\Documentos\\projetos\\clean-node-api\\src\\presentation\\controllers\\signup.ts": {"path":"D:\\Documentos\\projetos\\clean-node-api\\src\\presentation\\controllers\\signup.ts","statementMap":{"0":{"start":{"line":1,"column":0},"end":{"line":1,"column":64}},"1":{"start":{"line":2,"column":0},"end":{"line":2,"column":64}},"2":{"start":{"line":3,"column":0},"end":{"line":3,"column":52}},"3":{"start":{"line":4,"column":0},"end":{"line":4,"column":51}},"4":{"start":{"line":13,"column":8},"end":{"line":13,"column":null}},"5":{"start":{"line":17,"column":8},"end":{"line":36,"column":null}},"6":{"start":{"line":18,"column":35},"end":{"line":18,"column":88}},"7":{"start":{"line":20,"column":12},"end":{"line":24,"column":null}},"8":{"start":{"line":21,"column":16},"end":{"line":23,"column":null}},"9":{"start":{"line":22,"column":20},"end":{"line":22,"column":null}},"10":{"start":{"line":26,"column":28},"end":{"line":26,"column":79}},"11":{"start":{"line":28,"column":12},"end":{"line":30,"column":null}},"12":{"start":{"line":29,"column":16},"end":{"line":29,"column":null}},"13":{"start":{"line":32,"column":12},"end":{"line":35,"column":null}},"14":{"start":{"line":9,"column":0},"end":{"line":9,"column":13}}},"fnMap":{"0":{"name":"(anonymous_0)","decl":{"start":{"line":12,"column":4},"end":{"line":12,"column":17}},"loc":{"start":{"line":12,"column":47},"end":{"line":14,"column":5}}},"1":{"name":"(anonymous_1)","decl":{"start":{"line":16,"column":4},"end":{"line":16,"column":10}},"loc":{"start":{"line":16,"column":35},"end":{"line":37,"column":5}}}},"branchMap":{"0":{"loc":{"start":{"line":21,"column":16},"end":{"line":23,"column":null}},"type":"if","locations":[{"start":{"line":21,"column":16},"end":{"line":23,"column":null}}]},"1":{"loc":{"start":{"line":28,"column":12},"end":{"line":30,"column":null}},"type":"if","locations":[{"start":{"line":28,"column":12},"end":{"line":30,"column":null}}]}},"s":{"0":1,"1":1,"2":1,"3":1,"4":7,"5":7,"6":7,"7":7,"8":22,"9":4,"10":3,"11":2,"12":1,"13":1,"14":1},"f":{"0":7,"1":7},"b":{"0":[4],"1":[1]}}
,"D:\\Documentos\\projetos\\clean-node-api\\src\\presentation\\errors\\ivalid-param-error.ts": {"path":"D:\\Documentos\\projetos\\clean-node-api\\src\\presentation\\errors\\ivalid-param-error.ts","statementMap":{"0":{"start":{"line":3,"column":8},"end":{"line":3,"column":null}},"1":{"start":{"line":4,"column":8},"end":{"line":4,"column":null}},"2":{"start":{"line":1,"column":0},"end":{"line":1,"column":13}}},"fnMap":{"0":{"name":"(anonymous_0)","decl":{"start":{"line":2,"column":4},"end":{"line":2,"column":17}},"loc":{"start":{"line":2,"column":34},"end":{"line":5,"column":5}}}},"branchMap":{},"s":{"0":2,"1":2,"2":1},"f":{"0":2},"b":{}}
,"D:\\Documentos\\projetos\\clean-node-api\\src\\presentation\\errors\\missing-param-error.ts": {"path":"D:\\Documentos\\projetos\\clean-node-api\\src\\presentation\\errors\\missing-param-error.ts","statementMap":{"0":{"start":{"line":3,"column":8},"end":{"line":3,"column":null}},"1":{"start":{"line":4,"column":8},"end":{"line":4,"column":null}},"2":{"start":{"line":1,"column":0},"end":{"line":1,"column":13}}},"fnMap":{"0":{"name":"(anonymous_0)","decl":{"start":{"line":2,"column":4},"end":{"line":2,"column":17}},"loc":{"start":{"line":2,"column":34},"end":{"line":5,"column":5}}}},"branchMap":{},"s":{"0":8,"1":8,"2":1},"f":{"0":8},"b":{}}
,"D:\\Documentos\\projetos\\clean-node-api\\src\\presentation\\errors\\server-error.ts": {"path":"D:\\Documentos\\projetos\\clean-node-api\\src\\presentation\\errors\\server-error.ts","statementMap":{"0":{"start":{"line":3,"column":8},"end":{"line":3,"column":null}},"1":{"start":{"line":4,"column":8},"end":{"line":4,"column":null}},"2":{"start":{"line":1,"column":0},"end":{"line":1,"column":13}}},"fnMap":{"0":{"name":"(anonymous_0)","decl":{"start":{"line":2,"column":4},"end":{"line":2,"column":null}},"loc":{"start":{"line":2,"column":4},"end":{"line":5,"column":5}}}},"branchMap":{},"s":{"0":2,"1":2,"2":1},"f":{"0":2},"b":{}}
}
