TN:
SF:src\presentation\controllers\signup.ts
FN:11,(anonymous_0)
FN:15,(anonymous_1)
FNF:2
FNH:2
FNDA:5,(anonymous_0)
FNDA:5,(anonymous_1)
DA:1,1
DA:2,1
DA:3,1
DA:8,1
DA:12,5
DA:16,5
DA:18,5
DA:19,14
DA:20,4
DA:24,1
DA:26,1
DA:27,1
LF:12
LH:12
BRDA:19,0,0,4
BRDA:26,1,0,1
BRF:2
BRH:2
end_of_record
TN:
SF:src\presentation\errors\ivalid-param-error.ts
FN:2,(anonymous_0)
FNF:1
FNH:1
FNDA:2,(anonymous_0)
DA:1,1
DA:3,2
DA:4,2
LF:3
LH:3
BRF:0
BRH:0
end_of_record
TN:
SF:src\presentation\errors\missing-param-error.ts
FN:2,(anonymous_0)
FNF:1
FNH:1
FNDA:8,(anonymous_0)
DA:1,1
DA:3,8
DA:4,8
LF:3
LH:3
BRF:0
BRH:0
end_of_record
